{"/Users/tkma4uv/Repos/leet-code-nodejs/src/problems/two-pointer.ts": {"path":"/Users/tkma4uv/Repos/leet-code-nodejs/src/problems/two-pointer.ts","statementMap":{"0":{"start":{"line":4,"column":28},"end":{"line":4,"column":60}},"1":{"start":{"line":5,"column":2},"end":{"line":5,"column":24}}},"fnMap":{"0":{"name":"isPalindrome","decl":{"start":{"line":3,"column":16},"end":{"line":3,"column":28}},"loc":{"start":{"line":3,"column":50},"end":{"line":6,"column":1}},"line":3}},"branchMap":{},"s":{"0":0,"1":0},"f":{"0":0},"b":{},"_coverageSchema":"1a1c01bbd47fc00a2c39e90264f33305004495a9","hash":"4bbbefc0a1c3a840073489d7f266eda7c3a2fdd0"}
}
